<?xml version="1.0" encoding="UTF-8"?>
<testsuite xmlns:xsi="http://www.w3.org/2001/XMLSchema-instance" xsi:noNamespaceSchemaLocation="https://maven.apache.org/surefire/maven-surefire-plugin/xsd/surefire-test-report-3.0.xsd" version="3.0" name="com.examly.springapp.SpringappApplicationTests" time="12.578" tests="62" errors="0" skipped="0" failures="0">
  <properties>
[...]
</properties>
  <testcase name="Day3_test_Controller_Directory_Exists" classname="com.examly.springapp.SpringappApplicationTests" time="0.535">
    <system-out><![CDATA[21:10:25.041 [main] INFO org.springframework.test.context.support.AnnotationConfigContextLoaderUtils -- Could not detect default configuration classes for test class [com.examly.springapp.SpringappApplicationTests]: SpringappApplicationTests does not declare any static, non-private, non-final, nested classes annotated with @Configuration.
21:10:25.198 [main] INFO org.springframework.boot.test.context.SpringBootTestContextBootstrapper -- Found @SpringBootConfiguration com.examly.springapp.SpringappApplication for test class com.examly.springapp.SpringappApplicationTests
21:10:25.436 [main] INFO org.springframework.boot.devtools.restart.RestartApplicationListener -- Restart disabled due to context in which it is running

  .   ____          _            __ _ _
 /\\ / ___'_ __ _ _(_)_ __  __ _ \ \ \ \
( ( )\___ | '_ | '_| | '_ \/ _` | \ \ \ \
 \\/  ___)| |_)| | | | | || (_| |  ) ) ) )
  '  |____| .__|_| |_|_| |_\__, | / / / /
 =========|_|==============|___/=/_/_/_/

 :: Spring Boot ::               (v3.4.12)

2025-12-27T21:10:25.824+05:30  INFO 21556 --- [           main] c.e.springapp.SpringappApplicationTests  : Starting SpringappApplicationTests using Java 23.0.1 with PID 21556 (started by preethi in C:\Users\preethi\Downloads\ATTENDANCE TRACKING SYSTEM\5c11463b-bb07-4726-af2d-29aea0569f19-3fed2128-f4ed-4899-973d-e5509af22495-Office-Employee-Attendance-Tracking-System-727724eucs192-star\springapp)
2025-12-27T21:10:25.824+05:30  INFO 21556 --- [           main] c.e.springapp.SpringappApplicationTests  : No active profile set, falling back to 1 default profile: "default"
2025-12-27T21:10:26.678+05:30  INFO 21556 --- [           main] .s.d.r.c.RepositoryConfigurationDelegate : Bootstrapping Spring Data JPA repositories in DEFAULT mode.
2025-12-27T21:10:26.741+05:30  INFO 21556 --- [           main] .s.d.r.c.RepositoryConfigurationDelegate : Finished Spring Data repository scanning in 66 ms. Found 4 JPA repository interfaces.
2025-12-27T21:10:27.381+05:30  INFO 21556 --- [           main] o.hibernate.jpa.internal.util.LogHelper  : HHH000204: Processing PersistenceUnitInfo [name: default]
2025-12-27T21:10:27.466+05:30  INFO 21556 --- [           main] org.hibernate.Version                    : HHH000412: Hibernate ORM core version 6.6.36.Final
2025-12-27T21:10:27.494+05:30  INFO 21556 --- [           main] o.h.c.internal.RegionFactoryInitiator    : HHH000026: Second-level cache disabled
2025-12-27T21:10:27.962+05:30  INFO 21556 --- [           main] o.s.o.j.p.SpringPersistenceUnitInfo      : No LoadTimeWeaver setup: ignoring JPA class transformer
2025-12-27T21:10:28.006+05:30  INFO 21556 --- [           main] com.zaxxer.hikari.HikariDataSource       : HikariPool-1 - Starting...
2025-12-27T21:10:28.428+05:30  INFO 21556 --- [           main] com.zaxxer.hikari.pool.HikariPool        : HikariPool-1 - Added connection com.mysql.cj.jdbc.ConnectionImpl@6bf0f70a
2025-12-27T21:10:28.428+05:30  INFO 21556 --- [           main] com.zaxxer.hikari.HikariDataSource       : HikariPool-1 - Start completed.
2025-12-27T21:10:28.485+05:30  WARN 21556 --- [           main] org.hibernate.orm.deprecation            : HHH90000025: MySQL8Dialect does not need to be specified explicitly using 'hibernate.dialect' (remove the property setting and it will be selected by default)
2025-12-27T21:10:28.489+05:30  WARN 21556 --- [           main] org.hibernate.orm.deprecation            : HHH90000026: MySQL8Dialect has been deprecated; use org.hibernate.dialect.MySQLDialect instead
2025-12-27T21:10:28.508+05:30  INFO 21556 --- [           main] org.hibernate.orm.connections.pooling    : HHH10001005: Database info:
	Database JDBC URL [Connecting through datasource 'HikariDataSource (HikariPool-1)']
	Database driver: undefined/unknown
	Database version: 8.0
	Autocommit mode: undefined/unknown
	Isolation level: undefined/unknown
	Minimum pool size: undefined/unknown
	Maximum pool size: undefined/unknown
2025-12-27T21:10:29.888+05:30  INFO 21556 --- [           main] o.h.m.i.EntityInstantiatorPojoStandard   : HHH000182: No default (no-argument) constructor for class: com.examly.springapp.model.AttendanceRecord (class must be instantiated by Interceptor)
2025-12-27T21:10:30.503+05:30  INFO 21556 --- [           main] o.h.e.t.j.p.i.JtaPlatformInitiator       : HHH000489: No JTA platform available (set 'hibernate.transaction.jta.platform' to enable JTA platform integration)
Hibernate: drop table if exists admin_user
Hibernate: drop table if exists attendance_log
Hibernate: drop table if exists attendance_record
Hibernate: drop table if exists daily_attendance_summary
Hibernate: drop table if exists employees
Hibernate: create table admin_user (id bigint not null auto_increment, password varchar(255), username varchar(255), primary key (id)) engine=InnoDB
Hibernate: create table attendance_log (id bigint not null auto_increment, check_in_time varchar(255), check_out_time varchar(255), date varchar(255), employee_code varchar(255), primary key (id)) engine=InnoDB
Hibernate: create table attendance_record (date date, id bigint not null, employee_code varchar(255), status varchar(255), primary key (id)) engine=InnoDB
Hibernate: create table daily_attendance_summary (date date, id bigint not null auto_increment, employee_code varchar(255), primary key (id)) engine=InnoDB
Hibernate: create table employees (id bigint not null auto_increment, department varchar(255), email varchar(255), emp_code varchar(255), name varchar(255), primary key (id)) engine=InnoDB
2025-12-27T21:10:30.820+05:30  INFO 21556 --- [           main] j.LocalContainerEntityManagerFactoryBean : Initialized JPA EntityManagerFactory for persistence unit 'default'
2025-12-27T21:10:34.254+05:30  WARN 21556 --- [           main] JpaBaseConfiguration$JpaWebConfiguration : spring.jpa.open-in-view is enabled by default. Therefore, database queries may be performed during view rendering. Explicitly configure spring.jpa.open-in-view to disable this warning
2025-12-27T21:10:35.943+05:30  INFO 21556 --- [           main] o.s.b.t.m.w.SpringBootMockServletContext : Initializing Spring TestDispatcherServlet ''
2025-12-27T21:10:35.943+05:30  INFO 21556 --- [           main] o.s.t.web.servlet.TestDispatcherServlet  : Initializing Servlet ''
2025-12-27T21:10:35.943+05:30  INFO 21556 --- [           main] o.s.t.web.servlet.TestDispatcherServlet  : Completed initialization in 0 ms
2025-12-27T21:10:35.982+05:30  INFO 21556 --- [           main] c.e.springapp.SpringappApplicationTests  : Started SpringappApplicationTests in 10.566 seconds (process running for 11.796)
]]></system-out>
    <system-err><![CDATA[Mockito is currently self-attaching to enable the inline-mock-maker. This will no longer work in future releases of the JDK. Please add Mockito as an agent to your build what is described in Mockito's documentation: https://javadoc.io/doc/org.mockito/mockito-core/latest/org/mockito/Mockito.html#0.3
WARNING: A Java agent has been loaded dynamically (C:\Users\preethi\.m2\repository\net\bytebuddy\byte-buddy-agent\1.15.11\byte-buddy-agent-1.15.11.jar)
WARNING: If a serviceability tool is in use, please run with -XX:+EnableDynamicAgentLoading to hide this warning
WARNING: If a serviceability tool is not in use, please run with -Djdk.instrument.traceUsage for more information
WARNING: Dynamic loading of agents will be disallowed by default in a future release
]]></system-err>
  </testcase>
  <testcase name="Day3_test_Model_Directory_Exists" classname="com.examly.springapp.SpringappApplicationTests" time="0.002"/>
  <testcase name="Day3_test_Service_Directory_Exists" classname="com.examly.springapp.SpringappApplicationTests" time="0.005"/>
  <testcase name="Day3_test_Repository_Directory_Exists" classname="com.examly.springapp.SpringappApplicationTests" time="0"/>
  <testcase name="Day4_test_AdminUser_File_Exists" classname="com.examly.springapp.SpringappApplicationTests" time="0.003"/>
  <testcase name="Day4_test_AttendanceLog_File_Exists" classname="com.examly.springapp.SpringappApplicationTests" time="0.004"/>
  <testcase name="Day4_test_AttendanceLogStatus_File_Exists" classname="com.examly.springapp.SpringappApplicationTests" time="0.007"/>
  <testcase name="Day4_test_Employee_Has_Entity_Annotation" classname="com.examly.springapp.SpringappApplicationTests" time="0.007"/>
  <testcase name="test_Employee_Has_Id_Annotation_On_Field" classname="com.examly.springapp.SpringappApplicationTests" time="0.006"/>
  <testcase name="Day4_test_AttendanceRecord_Has_Entity_Annotation" classname="com.examly.springapp.SpringappApplicationTests" time="0"/>
  <testcase name="Day4_test_AttendanceRecord_Has_Id_Annotation_On_Field" classname="com.examly.springapp.SpringappApplicationTests" time="0.007"/>
  <testcase name="Day5_test_AttendanceLogRepository_File_Exists" classname="com.examly.springapp.SpringappApplicationTests" time="0"/>
  <testcase name="Day5_test_DailyAttendanceSummaryRepository_File_Exists" classname="com.examly.springapp.SpringappApplicationTests" time="0"/>
  <testcase name="Day5_test_AttendanceRecordRepository_File_Exists" classname="com.examly.springapp.SpringappApplicationTests" time="0"/>
  <testcase name="Day5_test_EmployeeRepository_Has_Repository_Annotation" classname="com.examly.springapp.SpringappApplicationTests" time="0"/>
  <testcase name="Day5_test_AttendanceLogRepository_Has_Repository_Annotation" classname="com.examly.springapp.SpringappApplicationTests" time="0"/>
  <testcase name="Day5_test_AdminUserRepository_Has_Repository_Annotation" classname="com.examly.springapp.SpringappApplicationTests" time="0"/>
  <testcase name="Day5_test_AttendanceRecordRepository_Has_Repository_Annotation" classname="com.examly.springapp.SpringappApplicationTests" time="0"/>
  <testcase name="Day6_test_AttendanceRecord_File_Exists" classname="com.examly.springapp.SpringappApplicationTests" time="0"/>
  <testcase name="Day6_test_EmployeeController_File_Exists" classname="com.examly.springapp.SpringappApplicationTests" time="0.004"/>
  <testcase name="Day6_test_AttendanceLogController_File_Exists" classname="com.examly.springapp.SpringappApplicationTests" time="0"/>
  <testcase name="Day6_test_AttendanceRecordController_Has_RestController_Annotation" classname="com.examly.springapp.SpringappApplicationTests" time="0"/>
  <testcase name="Day6_test_EmployeeController_Has_RestController_Annotation" classname="com.examly.springapp.SpringappApplicationTests" time="0"/>
  <testcase name="Day6_test_DailyAttendanceSummaryController_Has_PostMapping" classname="com.examly.springapp.SpringappApplicationTests" time="0.011"/>
  <testcase name="Day6_test_AdminUserController_Has_GetMapping" classname="com.examly.springapp.SpringappApplicationTests" time="0"/>
  <testcase name="Day7_test_AttendanceLogController_Has_RequestMapping" classname="com.examly.springapp.SpringappApplicationTests" time="0"/>
  <testcase name="Day7_test_EmployeeController_Has_RequestMapping" classname="com.examly.springapp.SpringappApplicationTests" time="0"/>
  <testcase name="Day7_test_AdminUserController_Has_RequestMapping" classname="com.examly.springapp.SpringappApplicationTests" time="0"/>
  <testcase name="Day7_test_AttendanceRecordController_Has_RequestMapping" classname="com.examly.springapp.SpringappApplicationTests" time="0.017"/>
  <testcase name="Day7_test_DailyAttendanceSummaryController_Has_RequestMapping" classname="com.examly.springapp.SpringappApplicationTests" time="0"/>
  <testcase name="Day7_test_AdminUserController_Has_PathVariable" classname="com.examly.springapp.SpringappApplicationTests" time="0"/>
  <testcase name="Day7_test_EmployeeController_Has_PathVariable" classname="com.examly.springapp.SpringappApplicationTests" time="0"/>
  <testcase name="Day8_test_AttendanceLogService_File_Exists" classname="com.examly.springapp.SpringappApplicationTests" time="0.015"/>
  <testcase name="Day8_test_AdminUserService_File_Exists" classname="com.examly.springapp.SpringappApplicationTests" time="0"/>
  <testcase name="Day8_test_DailyAttendanceSummaryService_File_Exists" classname="com.examly.springapp.SpringappApplicationTests" time="0"/>
  <testcase name="Day8_test_AttendanceRecordService_File_Exists" classname="com.examly.springapp.SpringappApplicationTests" time="0.011"/>
  <testcase name="Day8_test_EmployeeService_File_Exists" classname="com.examly.springapp.SpringappApplicationTests" time="0"/>
  <testcase name="Day8_test_AttendanceLogServiceImpl_File_Exists" classname="com.examly.springapp.SpringappApplicationTests" time="0.005"/>
  <testcase name="Day8_test_EmployeeServiceImpl_File_Exists" classname="com.examly.springapp.SpringappApplicationTests" time="0"/>
  <testcase name="Day9_testPagination_PageNumberApplied" classname="com.examly.springapp.SpringappApplicationTests" time="0.175">
    <system-out><![CDATA[Entering method: getByEmployeeId
Exiting method: getByEmployeeId
2025-12-27T21:10:36.810+05:30  WARN 21556 --- [           main] ration$PageModule$WarningLoggingModifier : Serializing PageImpl instances as-is is not supported, meaning that there is no guarantee about the stability of the resulting JSON structure!
	For a stable JSON structure, please use Spring Data's PagedModel (globally via @EnableSpringDataWebSupport(pageSerializationMode = VIA_DTO))
	or Spring HATEOAS and Spring Data's PagedResourcesAssembler as documented in https://docs.spring.io/spring-data/commons/reference/repositories/core-extensions.html#core.web.pageables.

]]></system-out>
  </testcase>
  <testcase name="Day9_testPagination_PageSizeApplied" classname="com.examly.springapp.SpringappApplicationTests" time="0.172">
    <system-out><![CDATA[Entering method: getSummaryByEmployeeCodeAndDateRange
Hibernate: select das1_0.id,das1_0.date,das1_0.employee_code from daily_attendance_summary das1_0 where das1_0.employee_code=? and das1_0.date between ? and ?
Exiting method: getSummaryByEmployeeCodeAndDateRange
]]></system-out>
  </testcase>
  <testcase name="Day9_testPagination_SortingPresent" classname="com.examly.springapp.SpringappApplicationTests" time="0.026">
    <system-out><![CDATA[Entering method: getSummaryByEmployeeCodeAndDateRange
Hibernate: select das1_0.id,das1_0.date,das1_0.employee_code from daily_attendance_summary das1_0 where das1_0.employee_code=? and das1_0.date between ? and ?
Exiting method: getSummaryByEmployeeCodeAndDateRange
]]></system-out>
  </testcase>
  <testcase name="Day9_testPagination_ContentArrayExists" classname="com.examly.springapp.SpringappApplicationTests" time="0.008">
    <system-out><![CDATA[Entering method: getSummaryByEmployeeCodeAndDateRange
Hibernate: select das1_0.id,das1_0.date,das1_0.employee_code from daily_attendance_summary das1_0 where das1_0.employee_code=? and das1_0.date between ? and ?
Exiting method: getSummaryByEmployeeCodeAndDateRange
]]></system-out>
  </testcase>
  <testcase name="Day9_testPagination_TotalElementsExists" classname="com.examly.springapp.SpringappApplicationTests" time="0.017">
    <system-out><![CDATA[Entering method: getSummaryByEmployeeCodeAndDateRange
Hibernate: select das1_0.id,das1_0.date,das1_0.employee_code from daily_attendance_summary das1_0 where das1_0.employee_code=? and das1_0.date between ? and ?
Exiting method: getSummaryByEmployeeCodeAndDateRange
]]></system-out>
  </testcase>
  <testcase name="Day9_testPagination_TotalPagesExists" classname="com.examly.springapp.SpringappApplicationTests" time="0.009">
    <system-out><![CDATA[Entering method: getSummaryByEmployeeCodeAndDateRange
Hibernate: select das1_0.id,das1_0.date,das1_0.employee_code from daily_attendance_summary das1_0 where das1_0.employee_code=? and das1_0.date between ? and ?
Exiting method: getSummaryByEmployeeCodeAndDateRange
]]></system-out>
  </testcase>
  <testcase name="Day10_testAddEmployee" classname="com.examly.springapp.SpringappApplicationTests" time="0.115">
    <system-out><![CDATA[Entering method: addEmployee
Hibernate: insert into employees (department,email,emp_code,name) values (?,?,?,?)
Exiting method: addEmployee
]]></system-out>
  </testcase>
  <testcase name="Day10_testGetEmployeeById" classname="com.examly.springapp.SpringappApplicationTests" time="0.027">
    <system-out><![CDATA[Entering method: getEmployeeById
Hibernate: select e1_0.id,e1_0.department,e1_0.email,e1_0.emp_code,e1_0.name from employees e1_0 where e1_0.id=?
Exiting method: getEmployeeById
]]></system-out>
  </testcase>
  <testcase name="Day10_testUpdateEmployee" classname="com.examly.springapp.SpringappApplicationTests" time="0.028">
    <system-out><![CDATA[Entering method: updateEmployee
Hibernate: select e1_0.id,e1_0.department,e1_0.email,e1_0.emp_code,e1_0.name from employees e1_0 where e1_0.id=?
Hibernate: update employees set department=?,email=?,emp_code=?,name=? where id=?
Exiting method: updateEmployee
]]></system-out>
  </testcase>
  <testcase name="Day10_testAddAttendanceLog" classname="com.examly.springapp.SpringappApplicationTests" time="0.018">
    <system-out><![CDATA[Entering method: add
Hibernate: insert into attendance_log (check_in_time,check_out_time,date,employee_code) values (?,?,?,?)
Exiting method: add
]]></system-out>
  </testcase>
  <testcase name="Day10_testUpdateAttendanceLog" classname="com.examly.springapp.SpringappApplicationTests" time="0.014">
    <system-out><![CDATA[Entering method: update
Hibernate: select al1_0.id,al1_0.check_in_time,al1_0.check_out_time,al1_0.date,al1_0.employee_code from attendance_log al1_0 where al1_0.id=?
Hibernate: update attendance_log set check_in_time=?,check_out_time=?,date=?,employee_code=? where id=?
Exiting method: update
]]></system-out>
  </testcase>
  <testcase name="Day10_testGetAllEmployees" classname="com.examly.springapp.SpringappApplicationTests" time="0.015">
    <system-out><![CDATA[Entering method: getAllEmployees
Hibernate: select e1_0.id,e1_0.department,e1_0.email,e1_0.emp_code,e1_0.name from employees e1_0
Exiting method: getAllEmployees
]]></system-out>
  </testcase>
  <testcase name="Day10_testGetAllAttendanceLogs" classname="com.examly.springapp.SpringappApplicationTests" time="0.013">
    <system-out><![CDATA[Entering method: getAll
Hibernate: select al1_0.id,al1_0.check_in_time,al1_0.check_out_time,al1_0.date,al1_0.employee_code from attendance_log al1_0
Exiting method: getAll
]]></system-out>
  </testcase>
  <testcase name="testGetSummaryByEmployeeCodeAndDateRange_Positive" classname="com.examly.springapp.SpringappApplicationTests" time="0.036">
    <system-out><![CDATA[Entering method: addEmployee
Hibernate: insert into employees (department,email,emp_code,name) values (?,?,?,?)
Exiting method: addEmployee
Entering method: create
Hibernate: insert into daily_attendance_summary (date,employee_code) values (?,?)
Exiting method: create
Entering method: getSummaryByEmployeeCodeAndDateRange
Hibernate: select das1_0.id,das1_0.date,das1_0.employee_code from daily_attendance_summary das1_0 where das1_0.employee_code=? and das1_0.date between ? and ?
Exiting method: getSummaryByEmployeeCodeAndDateRange
]]></system-out>
  </testcase>
  <testcase name="testGetSummaryByEmployeeCodeAndDateRange_NoRecords" classname="com.examly.springapp.SpringappApplicationTests" time="0.008">
    <system-out><![CDATA[Entering method: getSummaryByEmployeeCodeAndDateRange
Hibernate: select das1_0.id,das1_0.date,das1_0.employee_code from daily_attendance_summary das1_0 where das1_0.employee_code=? and das1_0.date between ? and ?
Exiting method: getSummaryByEmployeeCodeAndDateRange
]]></system-out>
  </testcase>
  <testcase name="testAddAdmin" classname="com.examly.springapp.SpringappApplicationTests" time="0.017">
    <system-out><![CDATA[Entering method: addAdmin
Hibernate: insert into admin_user (password,username) values (?,?)
Exiting method: addAdmin
]]></system-out>
  </testcase>
  <testcase name="testGetAdminById" classname="com.examly.springapp.SpringappApplicationTests" time="0.008">
    <system-out><![CDATA[Entering method: getAdminById
Hibernate: select au1_0.id,au1_0.password,au1_0.username from admin_user au1_0 where au1_0.id=?
Exiting method: getAdminById
]]></system-out>
  </testcase>
  <testcase name="testUpdateAdmin" classname="com.examly.springapp.SpringappApplicationTests" time="0.02">
    <system-out><![CDATA[Entering method: updateAdmin
Hibernate: select au1_0.id,au1_0.password,au1_0.username from admin_user au1_0 where au1_0.id=?
Hibernate: update admin_user set password=?,username=? where id=?
Exiting method: updateAdmin
]]></system-out>
  </testcase>
  <testcase name="testGetAllAdmins" classname="com.examly.springapp.SpringappApplicationTests" time="0.007">
    <system-out><![CDATA[Entering method: getAllAdmins
Hibernate: select au1_0.id,au1_0.password,au1_0.username from admin_user au1_0
Exiting method: getAllAdmins
]]></system-out>
  </testcase>
  <testcase name="Day13_testExceptionDirectoryExists" classname="com.examly.springapp.SpringappApplicationTests" time="0.007"/>
  <testcase name="Day13_testGlobalExceptionFileExists" classname="com.examly.springapp.SpringappApplicationTests" time="0"/>
  <testcase name="Day14test_configuartion_Directory_Exists" classname="com.examly.springapp.SpringappApplicationTests" time="0"/>
  <testcase name="Day15_testAOPLogFileExists" classname="com.examly.springapp.SpringappApplicationTests" time="0.002"/>
</testsuite>